c:\users\luka\desktop\objektno orijentirano\oop seminarski\typespeedapp\typespeedapp\debug\vc141.pdb
c:\users\luka\desktop\objektno orijentirano\oop seminarski\typespeedapp\typespeedapp\debug\vc141.idb
c:\users\luka\desktop\objektno orijentirano\oop seminarski\typespeedapp\typespeedapp\debug\typespeedapp.obj
c:\users\luka\desktop\objektno orijentirano\oop seminarski\typespeedapp\typespeedapp\debug\filereader.obj
c:\users\luka\desktop\objektno orijentirano\oop seminarski\typespeedapp\typespeedapp\debug\randomvaluesgenerator.obj
c:\users\luka\desktop\objektno orijentirano\oop seminarski\typespeedapp\typespeedapp\debug\randomwordgenerator.obj
c:\users\luka\desktop\objektno orijentirano\oop seminarski\typespeedapp\typespeedapp\debug\gamestatistics.obj
c:\users\luka\desktop\objektno orijentirano\oop seminarski\typespeedapp\typespeedapp\debug\game.obj
c:\users\luka\desktop\objektno orijentirano\oop seminarski\typespeedapp\typespeedapp\debug\englishwordgenerator.obj
c:\users\luka\desktop\objektno orijentirano\oop seminarski\typespeedapp\typespeedapp\debug\colortext.obj
c:\users\luka\desktop\objektno orijentirano\oop seminarski\typespeedapp\typespeedapp\debug\emptygeneratorlistexception.obj
c:\users\luka\desktop\objektno orijentirano\oop seminarski\typespeedapp\typespeedapp\debug\wordsgenerator.obj
c:\users\luka\desktop\objektno orijentirano\oop seminarski\typespeedapp\typespeedapp\debug\timemanager.obj
c:\users\luka\desktop\objektno orijentirano\oop seminarski\typespeedapp\debug\typespeedapp.exe
c:\users\luka\desktop\objektno orijentirano\oop seminarski\typespeedapp\debug\typespeedapp.ilk
c:\users\luka\desktop\objektno orijentirano\oop seminarski\typespeedapp\debug\typespeedapp.pdb
c:\users\luka\desktop\objektno orijentirano\oop seminarski\typespeedapp\typespeedapp\debug\typespeedapp.tlog\cl.command.1.tlog
c:\users\luka\desktop\objektno orijentirano\oop seminarski\typespeedapp\typespeedapp\debug\typespeedapp.tlog\cl.read.1.tlog
c:\users\luka\desktop\objektno orijentirano\oop seminarski\typespeedapp\typespeedapp\debug\typespeedapp.tlog\cl.write.1.tlog
c:\users\luka\desktop\objektno orijentirano\oop seminarski\typespeedapp\typespeedapp\debug\typespeedapp.tlog\link.command.1.tlog
c:\users\luka\desktop\objektno orijentirano\oop seminarski\typespeedapp\typespeedapp\debug\typespeedapp.tlog\link.read.1.tlog
c:\users\luka\desktop\objektno orijentirano\oop seminarski\typespeedapp\typespeedapp\debug\typespeedapp.tlog\link.write.1.tlog
